<?xml version="1.0" encoding="UTF-8"?>
<testsuite xmlns:xsi="http://www.w3.org/2001/XMLSchema-instance" xsi:schemaLocation="https://maven.apache.org/surefire/maven-surefire-plugin/xsd/surefire-test-report.xsd" name="cucumberTest.TestRunner" time="99.051" tests="21" errors="0" skipped="0" failures="6">
  <properties>
[...]
</properties>
  <testcase name="Given User opens a browser &quot;Firefox&quot;(Scenario: test1_Nikon" classname="Given User opens a browser &quot;Firefox&quot;(Scenario: test1_Nikon(Firefox))" time="0.002"/>
  <testcase name="And User opens the webpage &quot;http://www.amazon.com/&quot;(Scenario: test1_Nikon" classname="And User opens the webpage &quot;http://www.amazon.com/&quot;(Scenario: test1_Nikon(Firefox))" time="0.001"/>
  <testcase name="When User inputs string to search &quot;Nikon&quot;(Scenario: test1_Nikon" classname="When User inputs string to search &quot;Nikon&quot;(Scenario: test1_Nikon(Firefox))" time="0"/>
  <testcase name="And User sorts results by price from High to Low(Scenario: test1_Nikon" classname="And User sorts results by price from High to Low(Scenario: test1_Nikon(Firefox))" time="0"/>
  <testcase name="And User selects item 2(Scenario: test1_Nikon" classname="And User selects item 2(Scenario: test1_Nikon(Firefox))" time="0"/>
  <testcase name="Then Check that product topic contains text &quot;Nikon D3X&quot;(Scenario: test1_Nikon" classname="Then Check that product topic contains text &quot;Nikon D3X&quot;(Scenario: test1_Nikon(Firefox))" time="0.005">
    <failure type="java.lang.AssertionError">java.lang.AssertionError
</failure>
  </testcase>
  <testcase name="Scenario: test1_Nikon" classname="Firefox" time="0.005">
    <failure type="java.lang.AssertionError">java.lang.AssertionError
</failure>
  </testcase>
  <testcase name="Given User opens a browser &quot;Chrome&quot;(Scenario: test2_Nikon" classname="Given User opens a browser &quot;Chrome&quot;(Scenario: test2_Nikon(Chrome))" time="0"/>
  <testcase name="And User opens the webpage &quot;http://www.amazon.com/&quot;(Scenario: test2_Nikon" classname="And User opens the webpage &quot;http://www.amazon.com/&quot;(Scenario: test2_Nikon(Chrome))" time="0"/>
  <testcase name="When User inputs string to search &quot;Nikon&quot;(Scenario: test2_Nikon" classname="When User inputs string to search &quot;Nikon&quot;(Scenario: test2_Nikon(Chrome))" time="0"/>
  <testcase name="And User sorts results by price from High to Low(Scenario: test2_Nikon" classname="And User sorts results by price from High to Low(Scenario: test2_Nikon(Chrome))" time="0"/>
  <testcase name="And User selects item 2(Scenario: test2_Nikon" classname="And User selects item 2(Scenario: test2_Nikon(Chrome))" time="0"/>
  <testcase name="Then Check that product topic contains text &quot;Nikon D3X&quot;(Scenario: test2_Nikon" classname="Then Check that product topic contains text &quot;Nikon D3X&quot;(Scenario: test2_Nikon(Chrome))" time="0.001">
    <failure type="java.lang.AssertionError">java.lang.AssertionError
</failure>
  </testcase>
  <testcase name="Scenario: test2_Nikon" classname="Chrome" time="0.001">
    <failure type="java.lang.AssertionError">java.lang.AssertionError
</failure>
  </testcase>
  <testcase name="Given User opens a browser &quot;IE&quot;(Scenario: test3_Nikon" classname="Given User opens a browser &quot;IE&quot;(Scenario: test3_Nikon(InternetExplorer))" time="0"/>
  <testcase name="And User opens the webpage &quot;http://www.amazon.com/&quot;(Scenario: test3_Nikon" classname="And User opens the webpage &quot;http://www.amazon.com/&quot;(Scenario: test3_Nikon(InternetExplorer))" time="0"/>
  <testcase name="When User inputs string to search &quot;Nikon&quot;(Scenario: test3_Nikon" classname="When User inputs string to search &quot;Nikon&quot;(Scenario: test3_Nikon(InternetExplorer))" time="0"/>
  <testcase name="And User sorts results by price from High to Low(Scenario: test3_Nikon" classname="And User sorts results by price from High to Low(Scenario: test3_Nikon(InternetExplorer))" time="0"/>
  <testcase name="And User selects item 2(Scenario: test3_Nikon" classname="And User selects item 2(Scenario: test3_Nikon(InternetExplorer))" time="0"/>
  <testcase name="Then Check that product topic contains text &quot;Nikon D3X&quot;(Scenario: test3_Nikon" classname="Then Check that product topic contains text &quot;Nikon D3X&quot;(Scenario: test3_Nikon(InternetExplorer))" time="0.001">
    <failure type="java.lang.AssertionError">java.lang.AssertionError
</failure>
  </testcase>
  <testcase name="Scenario: test3_Nikon" classname="InternetExplorer" time="0.001">
    <failure type="java.lang.AssertionError">java.lang.AssertionError
</failure>
  </testcase>
</testsuite>